<?xml version="1.0" encoding="UTF-8"?>
<testsuite name="challenges.MaxCountChallengeTest" tests="1" skipped="0" failures="0" errors="0" timestamp="2023-03-10T10:33:41" hostname="Daniels-Mac-mini.fritz.box" time="0.009">
  <properties/>
  <testcase name="should_return_max_count()" classname="challenges.MaxCountChallengeTest" time="0.009"/>
  <system-out><![CDATA[]]></system-out>
  <system-err><![CDATA[]]></system-err>
</testsuite>
